[debug] [2024-02-16T17:57:20.756Z] ----------------------------------------------------------------------
[debug] [2024-02-16T17:57:20.757Z] Command:       C:\Program Files\nodejs\node.exe C:\Users\tuarh\AppData\Roaming\npm\node_modules\firebase-tools\lib\bin\firebase.js init
[debug] [2024-02-16T17:57:20.757Z] CLI Version:   13.3.0
[debug] [2024-02-16T17:57:20.757Z] Platform:      win32
[debug] [2024-02-16T17:57:20.758Z] Node Version:  v18.17.0
[debug] [2024-02-16T17:57:20.758Z] Time:          Fri Feb 16 2024 19:57:20 GMT+0200 (שעון ישראל (חורף))
[debug] [2024-02-16T17:57:20.758Z] ----------------------------------------------------------------------
[debug] 
[debug] [2024-02-16T17:57:20.763Z] > command requires scopes: ["email","openid","https://www.googleapis.com/auth/cloudplatformprojects.readonly","https://www.googleapis.com/auth/firebase","https://www.googleapis.com/auth/cloud-platform"]
[debug] [2024-02-16T17:57:20.763Z] > authorizing via signed-in user (oshr1231234@gmail.com)
[info] 
     ######## #### ########  ######## ########     ###     ######  ########
     ##        ##  ##     ## ##       ##     ##  ##   ##  ##       ##
     ######    ##  ########  ######   ########  #########  ######  ######
     ##        ##  ##    ##  ##       ##     ## ##     ##       ## ##
     ##       #### ##     ## ######## ########  ##     ##  ######  ########

You're about to initialize a Firebase project in this directory:

  C:\Users\tuarh\OneDrive\Desktop\פרויקטים תכנות\financeAbilicense

[info] 
=== Project Setup
[info] 
[info] First, let's associate this project directory with a Firebase project.
[info] You can create multiple project aliases by running firebase use --add, 
[info] but for now we'll just set up a default project.
[info] 
[info] i  If you want to create a project in a Google Cloud organization or folder, please use "firebase projects:create" instead, and return to this command when you've created the project. 
[debug] [2024-02-16T17:57:44.988Z] >>> [apiv2][query] POST https://cloudresourcemanager.googleapis.com/v1/projects [none]
[debug] [2024-02-16T17:57:44.988Z] >>> [apiv2][body] POST https://cloudresourcemanager.googleapis.com/v1/projects {"projectId":"345345","name":"finance"}
[debug] [2024-02-16T17:57:46.058Z] <<< [apiv2][status] POST https://cloudresourcemanager.googleapis.com/v1/projects 400
[debug] [2024-02-16T17:57:46.058Z] <<< [apiv2][body] POST https://cloudresourcemanager.googleapis.com/v1/projects {"error":{"code":400,"message":"field [project_id] has issue [project_id contains invalid characters]","status":"INVALID_ARGUMENT","details":[{"@type":"type.googleapis.com/google.rpc.BadRequest","fieldViolations":[{"field":"project_id","description":"project_id contains invalid characters"}]},{"@type":"type.googleapis.com/google.rpc.Help","links":[{"url":"https://cloud.google.com/resource-manager/reference/rest/v1/projects"}]}]}}
[debug] [2024-02-16T17:57:46.224Z] FirebaseError: HTTP Error: 400, field [project_id] has issue [project_id contains invalid characters]
    at responseToError (C:\Users\tuarh\AppData\Roaming\npm\node_modules\firebase-tools\lib\responseToError.js:49:12)
    at RetryOperation._fn (C:\Users\tuarh\AppData\Roaming\npm\node_modules\firebase-tools\lib\apiv2.js:292:77)
    at process.processTicksAndRejections (node:internal/process/task_queues:95:5)
[error] 
[error] Error: Failed to create project. See firebase-debug.log for more info.
